<?xml version="1.0" encoding="UTF-8"?>
<testsuite xmlns:xsi="http://www.w3.org/2001/XMLSchema-instance" xsi:noNamespaceSchemaLocation="https://maven.apache.org/surefire/maven-surefire-plugin/xsd/surefire-test-report-3.0.xsd" version="3.0" name="br.com.rafael.DogApiTests" time="5.718" tests="6" errors="0" skipped="0" failures="0">
  <properties>
[...]
</properties>
  <testcase name="listarTodasRacas" classname="br.com.rafael.DogApiTests" time="2.125"/>
  <testcase name="listarImagemAleatoria" classname="br.com.rafael.DogApiTests" time="0.681"/>
  <testcase name="testeTempoResposta" classname="br.com.rafael.DogApiTests" time="0.44"/>
  <testcase name="testeComParametrosInvalidos" classname="br.com.rafael.DogApiTests" time="0.544"/>
  <testcase name="listarImagensRaca" classname="br.com.rafael.DogApiTests" time="0.81"/>
  <testcase name="listarImagensDeUmaRacaInexistente" classname="br.com.rafael.DogApiTests" time="0.46"/>
</testsuite>